STATUS | wrapper  | 2015/06/05 09:57:48 | --> Wrapper Started as Console
STATUS | wrapper  | 2015/06/05 09:57:48 | Java Service Wrapper Community Edition 32-bit 3.5.17
STATUS | wrapper  | 2015/06/05 09:57:48 |   Copyright (C) 1999-2012 Tanuki Software, Ltd. All Rights Reserved.
STATUS | wrapper  | 2015/06/05 09:57:48 |     http://wrapper.tanukisoftware.com
STATUS | wrapper  | 2015/06/05 09:57:48 | 
STATUS | wrapper  | 2015/06/05 09:57:48 | Launching a JVM...
INFO   | jvm 1    | 2015/06/05 09:57:49 | WrapperManager: Initializing...
INFO   | jvm 1    | 2015/06/05 09:57:51 | 程序打开正常
INFO   | jvm 1    | 2015/06/05 09:57:51 | 进入启动倒计时 1秒
INFO   | jvm 1    | 2015/06/05 09:57:53 | 数据主目录检查正常
INFO   | jvm 1    | 2015/06/05 09:57:53 | 数据库连接检查正常
INFO   | jvm 1    | 2015/06/05 09:57:53 | 2015-6-5 9:57:53 com.mchange.v2.log.MLog <clinit>
INFO   | jvm 1    | 2015/06/05 09:57:53 | 信息: MLog clients using java 1.4+ standard logging.
INFO   | jvm 1    | 2015/06/05 09:57:53 | 2015-6-5 9:57:53 com.mchange.v2.c3p0.C3P0Registry banner
INFO   | jvm 1    | 2015/06/05 09:57:53 | 信息: Initializing c3p0-0.9.1.2 [built 21-May-2007 15:04:56; debug? true; trace: 10]
INFO   | jvm 1    | 2015/06/05 09:57:53 | 服务启动正常
INFO   | jvm 1    | 2015/06/05 09:57:55 | 前端数据 已处理/错误/处理速度 0/0/0每分钟
INFO   | jvm 1    | 2015/06/05 09:57:55 | 内存情况 已用内存/可用内存/最大内存 17.95 MB/127.06 MB/508.06 MB
INFO   | jvm 1    | 2015/06/05 10:02:55 | 前端数据 已处理/错误/处理速度 0/0/0每分钟
INFO   | jvm 1    | 2015/06/05 10:02:55 | 内存情况 已用内存/可用内存/最大内存 19.87 MB/127.06 MB/508.06 MB
INFO   | jvm 1    | 2015/06/05 10:07:55 | 前端数据 已处理/错误/处理速度 0/0/0每分钟
INFO   | jvm 1    | 2015/06/05 10:07:55 | 内存情况 已用内存/可用内存/最大内存 21.93 MB/127.06 MB/508.06 MB
INFO   | jvm 1    | 2015/06/05 10:12:55 | 前端数据 已处理/错误/处理速度 0/0/0每分钟
INFO   | jvm 1    | 2015/06/05 10:12:55 | 内存情况 已用内存/可用内存/最大内存 20.45 MB/127.06 MB/508.06 MB
INFO   | jvm 1    | 2015/06/05 10:17:55 | 前端数据 已处理/错误/处理速度 0/0/0每分钟
INFO   | jvm 1    | 2015/06/05 10:17:55 | 内存情况 已用内存/可用内存/最大内存 23.33 MB/127.06 MB/508.06 MB
INFO   | jvm 1    | 2015/06/05 10:22:55 | 前端数据 已处理/错误/处理速度 0/0/0每分钟
INFO   | jvm 1    | 2015/06/05 10:22:55 | 内存情况 已用内存/可用内存/最大内存 17.33 MB/127.06 MB/508.06 MB
INFO   | jvm 1    | 2015/06/05 10:27:55 | 前端数据 已处理/错误/处理速度 0/0/0每分钟
INFO   | jvm 1    | 2015/06/05 10:27:55 | 内存情况 已用内存/可用内存/最大内存 17.97 MB/127.06 MB/508.06 MB
INFO   | jvm 1    | 2015/06/05 10:32:55 | 前端数据 已处理/错误/处理速度 0/0/0每分钟
INFO   | jvm 1    | 2015/06/05 10:32:55 | 内存情况 已用内存/可用内存/最大内存 24.71 MB/127.06 MB/508.06 MB
INFO   | jvm 1    | 2015/06/05 10:37:55 | 前端数据 已处理/错误/处理速度 0/0/0每分钟
INFO   | jvm 1    | 2015/06/05 10:37:55 | 内存情况 已用内存/可用内存/最大内存 23.57 MB/127.06 MB/508.06 MB
INFO   | jvm 1    | 2015/06/05 10:42:55 | 前端数据 已处理/错误/处理速度 0/0/0每分钟
INFO   | jvm 1    | 2015/06/05 10:42:55 | 内存情况 已用内存/可用内存/最大内存 24.51 MB/127.06 MB/508.06 MB
INFO   | jvm 1    | 2015/06/05 10:43:31 | Exception in thread "Thread-10" java.lang.NullPointerException
INFO   | jvm 1    | 2015/06/05 10:43:31 | 	at com.xiangxun.control.ModeFileServer.forderList(ModeFileServer.java:188)
INFO   | jvm 1    | 2015/06/05 10:43:31 | 	at com.xiangxun.control.ModeFileServer$1.run(ModeFileServer.java:125)
INFO   | jvm 1    | 2015/06/05 10:43:43 | Exception in thread "Thread-5" java.lang.NullPointerException
INFO   | jvm 1    | 2015/06/05 10:43:43 | 	at com.xiangxun.control.ModeFileServer.run(ModeFileServer.java:179)
INFO   | jvm 1    | 2015/06/05 10:47:55 | 前端数据 已处理/错误/处理速度 0/0/0每分钟
INFO   | jvm 1    | 2015/06/05 10:47:55 | 内存情况 已用内存/可用内存/最大内存 25.03 MB/127.06 MB/508.06 MB
INFO   | jvm 1    | 2015/06/05 10:52:55 | 前端数据 已处理/错误/处理速度 0/0/0每分钟
INFO   | jvm 1    | 2015/06/05 10:52:55 | 内存情况 已用内存/可用内存/最大内存 17.24 MB/127.06 MB/508.06 MB
INFO   | jvm 1    | 2015/06/05 10:57:55 | 前端数据 已处理/错误/处理速度 0/0/0每分钟
INFO   | jvm 1    | 2015/06/05 10:57:55 | 内存情况 已用内存/可用内存/最大内存 17.33 MB/127.06 MB/508.06 MB
INFO   | jvm 1    | 2015/06/05 11:02:55 | 前端数据 已处理/错误/处理速度 0/0/0每分钟
INFO   | jvm 1    | 2015/06/05 11:02:55 | 内存情况 已用内存/可用内存/最大内存 17.37 MB/127.06 MB/508.06 MB
INFO   | jvm 1    | 2015/06/05 11:07:55 | 前端数据 已处理/错误/处理速度 0/0/0每分钟
INFO   | jvm 1    | 2015/06/05 11:07:55 | 内存情况 已用内存/可用内存/最大内存 17.41 MB/127.06 MB/508.06 MB
INFO   | jvm 1    | 2015/06/05 11:12:55 | 前端数据 已处理/错误/处理速度 0/0/0每分钟
INFO   | jvm 1    | 2015/06/05 11:12:55 | 内存情况 已用内存/可用内存/最大内存 17.45 MB/127.06 MB/508.06 MB
INFO   | jvm 1    | 2015/06/05 11:17:55 | 前端数据 已处理/错误/处理速度 0/0/0每分钟
INFO   | jvm 1    | 2015/06/05 11:17:55 | 内存情况 已用内存/可用内存/最大内存 17.49 MB/127.06 MB/508.06 MB
INFO   | jvm 1    | 2015/06/05 11:22:55 | 前端数据 已处理/错误/处理速度 0/0/0每分钟
INFO   | jvm 1    | 2015/06/05 11:22:55 | 内存情况 已用内存/可用内存/最大内存 17.54 MB/127.06 MB/508.06 MB
INFO   | jvm 1    | 2015/06/05 11:27:55 | 前端数据 已处理/错误/处理速度 0/0/0每分钟
INFO   | jvm 1    | 2015/06/05 11:27:55 | 内存情况 已用内存/可用内存/最大内存 17.58 MB/127.06 MB/508.06 MB
INFO   | jvm 1    | 2015/06/05 11:32:55 | 前端数据 已处理/错误/处理速度 0/0/0每分钟
INFO   | jvm 1    | 2015/06/05 11:32:55 | 内存情况 已用内存/可用内存/最大内存 17.62 MB/127.06 MB/508.06 MB
INFO   | jvm 1    | 2015/06/05 11:37:55 | 前端数据 已处理/错误/处理速度 0/0/0每分钟
INFO   | jvm 1    | 2015/06/05 11:37:55 | 内存情况 已用内存/可用内存/最大内存 17.66 MB/127.06 MB/508.06 MB
INFO   | jvm 1    | 2015/06/05 11:42:55 | 前端数据 已处理/错误/处理速度 0/0/0每分钟
INFO   | jvm 1    | 2015/06/05 11:42:55 | 内存情况 已用内存/可用内存/最大内存 17.71 MB/127.06 MB/508.06 MB
INFO   | jvm 1    | 2015/06/05 11:47:55 | 前端数据 已处理/错误/处理速度 0/0/0每分钟
INFO   | jvm 1    | 2015/06/05 11:47:55 | 内存情况 已用内存/可用内存/最大内存 17.75 MB/127.06 MB/508.06 MB
INFO   | jvm 1    | 2015/06/05 11:52:55 | 前端数据 已处理/错误/处理速度 0/0/0每分钟
INFO   | jvm 1    | 2015/06/05 11:52:55 | 内存情况 已用内存/可用内存/最大内存 17.79 MB/127.06 MB/508.06 MB
INFO   | jvm 1    | 2015/06/05 11:57:55 | 前端数据 已处理/错误/处理速度 0/0/0每分钟
INFO   | jvm 1    | 2015/06/05 11:57:55 | 内存情况 已用内存/可用内存/最大内存 17.83 MB/127.06 MB/508.06 MB
INFO   | jvm 1    | 2015/06/05 12:02:55 | 前端数据 已处理/错误/处理速度 0/0/0每分钟
INFO   | jvm 1    | 2015/06/05 12:02:55 | 内存情况 已用内存/可用内存/最大内存 17.87 MB/127.06 MB/508.06 MB
INFO   | jvm 1    | 2015/06/05 12:07:55 | 前端数据 已处理/错误/处理速度 0/0/0每分钟
INFO   | jvm 1    | 2015/06/05 12:07:55 | 内存情况 已用内存/可用内存/最大内存 17.92 MB/127.06 MB/508.06 MB
INFO   | jvm 1    | 2015/06/05 12:12:55 | 前端数据 已处理/错误/处理速度 0/0/0每分钟
INFO   | jvm 1    | 2015/06/05 12:12:55 | 内存情况 已用内存/可用内存/最大内存 17.96 MB/127.06 MB/508.06 MB
INFO   | jvm 1    | 2015/06/05 12:17:55 | 前端数据 已处理/错误/处理速度 0/0/0每分钟
INFO   | jvm 1    | 2015/06/05 12:17:55 | 内存情况 已用内存/可用内存/最大内存 18.40 MB/127.06 MB/508.06 MB
INFO   | jvm 1    | 2015/06/05 12:22:55 | 前端数据 已处理/错误/处理速度 0/0/0每分钟
INFO   | jvm 1    | 2015/06/05 12:22:55 | 内存情况 已用内存/可用内存/最大内存 18.45 MB/127.06 MB/508.06 MB
INFO   | jvm 1    | 2015/06/05 12:27:55 | 前端数据 已处理/错误/处理速度 0/0/0每分钟
INFO   | jvm 1    | 2015/06/05 12:27:55 | 内存情况 已用内存/可用内存/最大内存 18.49 MB/127.06 MB/508.06 MB
INFO   | jvm 1    | 2015/06/05 12:32:55 | 前端数据 已处理/错误/处理速度 0/0/0每分钟
INFO   | jvm 1    | 2015/06/05 12:32:55 | 内存情况 已用内存/可用内存/最大内存 18.53 MB/127.06 MB/508.06 MB
INFO   | jvm 1    | 2015/06/05 12:37:55 | 前端数据 已处理/错误/处理速度 0/0/0每分钟
INFO   | jvm 1    | 2015/06/05 12:37:55 | 内存情况 已用内存/可用内存/最大内存 18.57 MB/127.06 MB/508.06 MB
INFO   | jvm 1    | 2015/06/05 12:42:55 | 前端数据 已处理/错误/处理速度 0/0/0每分钟
INFO   | jvm 1    | 2015/06/05 12:42:55 | 内存情况 已用内存/可用内存/最大内存 18.61 MB/127.06 MB/508.06 MB
INFO   | jvm 1    | 2015/06/05 12:47:55 | 前端数据 已处理/错误/处理速度 0/0/0每分钟
INFO   | jvm 1    | 2015/06/05 12:47:55 | 内存情况 已用内存/可用内存/最大内存 18.65 MB/127.06 MB/508.06 MB
INFO   | jvm 1    | 2015/06/05 12:52:55 | 前端数据 已处理/错误/处理速度 0/0/0每分钟
INFO   | jvm 1    | 2015/06/05 12:52:55 | 内存情况 已用内存/可用内存/最大内存 18.70 MB/127.06 MB/508.06 MB
INFO   | jvm 1    | 2015/06/05 12:57:55 | 前端数据 已处理/错误/处理速度 0/0/0每分钟
INFO   | jvm 1    | 2015/06/05 12:57:55 | 内存情况 已用内存/可用内存/最大内存 18.74 MB/127.06 MB/508.06 MB
INFO   | jvm 1    | 2015/06/05 13:02:55 | 前端数据 已处理/错误/处理速度 0/0/0每分钟
INFO   | jvm 1    | 2015/06/05 13:02:55 | 内存情况 已用内存/可用内存/最大内存 18.78 MB/127.06 MB/508.06 MB
INFO   | jvm 1    | 2015/06/05 13:07:55 | 前端数据 已处理/错误/处理速度 0/0/0每分钟
INFO   | jvm 1    | 2015/06/05 13:07:55 | 内存情况 已用内存/可用内存/最大内存 18.82 MB/127.06 MB/508.06 MB
INFO   | jvm 1    | 2015/06/05 13:12:55 | 前端数据 已处理/错误/处理速度 0/0/0每分钟
INFO   | jvm 1    | 2015/06/05 13:12:55 | 内存情况 已用内存/可用内存/最大内存 18.86 MB/127.06 MB/508.06 MB
INFO   | jvm 1    | 2015/06/05 13:17:55 | 前端数据 已处理/错误/处理速度 0/0/0每分钟
INFO   | jvm 1    | 2015/06/05 13:17:55 | 内存情况 已用内存/可用内存/最大内存 18.91 MB/127.06 MB/508.06 MB
INFO   | jvm 1    | 2015/06/05 13:22:55 | 前端数据 已处理/错误/处理速度 0/0/0每分钟
INFO   | jvm 1    | 2015/06/05 13:22:55 | 内存情况 已用内存/可用内存/最大内存 18.95 MB/127.06 MB/508.06 MB
INFO   | jvm 1    | 2015/06/05 13:27:55 | 前端数据 已处理/错误/处理速度 0/0/0每分钟
INFO   | jvm 1    | 2015/06/05 13:27:55 | 内存情况 已用内存/可用内存/最大内存 18.99 MB/127.06 MB/508.06 MB
INFO   | jvm 1    | 2015/06/05 13:32:55 | 前端数据 已处理/错误/处理速度 0/0/0每分钟
INFO   | jvm 1    | 2015/06/05 13:32:55 | 内存情况 已用内存/可用内存/最大内存 19.03 MB/127.06 MB/508.06 MB
INFO   | jvm 1    | 2015/06/05 13:37:55 | 前端数据 已处理/错误/处理速度 0/0/0每分钟
INFO   | jvm 1    | 2015/06/05 13:37:55 | 内存情况 已用内存/可用内存/最大内存 19.37 MB/127.06 MB/508.06 MB
INFO   | jvm 1    | 2015/06/05 13:42:55 | 前端数据 已处理/错误/处理速度 0/0/0每分钟
INFO   | jvm 1    | 2015/06/05 13:42:55 | 内存情况 已用内存/可用内存/最大内存 19.41 MB/127.06 MB/508.06 MB
INFO   | jvm 1    | 2015/06/05 13:47:55 | 前端数据 已处理/错误/处理速度 0/0/0每分钟
INFO   | jvm 1    | 2015/06/05 13:47:55 | 内存情况 已用内存/可用内存/最大内存 19.45 MB/127.06 MB/508.06 MB
INFO   | jvm 1    | 2015/06/05 13:52:55 | 前端数据 已处理/错误/处理速度 0/0/0每分钟
INFO   | jvm 1    | 2015/06/05 13:52:55 | 内存情况 已用内存/可用内存/最大内存 19.50 MB/127.06 MB/508.06 MB
STATUS | wrapper  | 2015/06/05 13:57:58 | --> Wrapper Started as Console
STATUS | wrapper  | 2015/06/05 13:57:58 | Java Service Wrapper Community Edition 32-bit 3.5.17
STATUS | wrapper  | 2015/06/05 13:57:58 |   Copyright (C) 1999-2012 Tanuki Software, Ltd. All Rights Reserved.
STATUS | wrapper  | 2015/06/05 13:57:58 |     http://wrapper.tanukisoftware.com
STATUS | wrapper  | 2015/06/05 13:57:58 | 
STATUS | wrapper  | 2015/06/05 13:57:59 | Launching a JVM...
INFO   | jvm 1    | 2015/06/05 13:57:59 | WrapperManager: Initializing...
INFO   | jvm 1    | 2015/06/05 13:58:02 | 程序打开正常
INFO   | jvm 1    | 2015/06/05 13:58:02 | 进入启动倒计时 1秒
INFO   | jvm 1    | 2015/06/05 13:58:03 | 数据主目录检查正常
INFO   | jvm 1    | 2015/06/05 13:58:03 | 数据库连接检查正常
INFO   | jvm 1    | 2015/06/05 13:58:03 | 2015-6-5 13:58:03 com.mchange.v2.log.MLog <clinit>
INFO   | jvm 1    | 2015/06/05 13:58:03 | 信息: MLog clients using java 1.4+ standard logging.
INFO   | jvm 1    | 2015/06/05 13:58:04 | 2015-6-5 13:58:03 com.mchange.v2.c3p0.C3P0Registry banner
INFO   | jvm 1    | 2015/06/05 13:58:04 | 信息: Initializing c3p0-0.9.1.2 [built 21-May-2007 15:04:56; debug? true; trace: 10]
INFO   | jvm 1    | 2015/06/05 13:58:04 | 服务启动正常
INFO   | jvm 1    | 2015/06/05 13:58:04 | 2015-6-5 13:58:04 com.mchange.v2.c3p0.impl.AbstractPoolBackedDataSource getPoolManager
INFO   | jvm 1    | 2015/06/05 13:58:04 | 信息: Initializing c3p0 pool... com.mchange.v2.c3p0.ComboPooledDataSource [ acquireIncrement -> 5, acquireRetryAttempts -> 30, acquireRetryDelay -> 1, autoCommitOnClose -> false, automaticTestTable -> null, breakAfterAcquireFailure -> false, checkoutTimeout -> 0, connectionCustomizerClassName -> null, connectionTesterClassName -> com.mchange.v2.c3p0.impl.DefaultConnectionTester, dataSourceName -> 2yrpy7991hws9zo6bafjx|1c695a6, debugUnreturnedConnectionStackTraces -> false, description -> null, driverClass -> oracle.jdbc.driver.OracleDriver, factoryClassLocation -> null, forceIgnoreUnresolvedTransactions -> false, identityToken -> 2yrpy7991hws9zo6bafjx|1c695a6, idleConnectionTestPeriod -> 0, initialPoolSize -> 3, jdbcUrl -> jdbc:oracle:thin:@10.176.102.32:1521:imrs, maxAdministrativeTaskTime -> 0, maxConnectionAge -> 0, maxIdleTime -> 0, maxIdleTimeExcessConnections -> 0, maxPoolSize -> 5, maxStatements -> 180, maxStatementsPerConnection -> 0, minPoolSize -> 3, numHelperThreads -> 10, numThreadsAwaitingCheckoutDefaultUser -> 0, preferredTestQuery -> null, properties -> {user=******, password=******}, propertyCycle -> 0, testConnectionOnCheckin -> false, testConnectionOnCheckout -> false, unreturnedConnectionTimeout -> 0, usesTraditionalReflectiveProxies -> false ]
INFO   | jvm 1    | 2015/06/05 13:58:06 | 前端数据 已处理/错误/处理速度 2/0/0每分钟
INFO   | jvm 1    | 2015/06/05 13:58:06 | 内存情况 已用内存/可用内存/最大内存 21.23 MB/127.06 MB/508.06 MB
STATUS | wrapper  | 2015/06/05 14:00:53 | processDataForAll service installed.
INFO   | jvm 1    | 2015/06/05 14:03:06 | 前端数据 已处理/错误/处理速度 7/0/1每分钟
INFO   | jvm 1    | 2015/06/05 14:03:06 | 内存情况 已用内存/可用内存/最大内存 21.27 MB/127.06 MB/508.06 MB
INFO   | jvm 1    | 2015/06/05 14:08:06 | 前端数据 已处理/错误/处理速度 12/0/1每分钟
INFO   | jvm 1    | 2015/06/05 14:08:06 | 内存情况 已用内存/可用内存/最大内存 20.12 MB/127.06 MB/508.06 MB
INFO   | jvm 1    | 2015/06/05 14:13:06 | 前端数据 已处理/错误/处理速度 18/0/1每分钟
INFO   | jvm 1    | 2015/06/05 14:13:06 | 内存情况 已用内存/可用内存/最大内存 20.84 MB/127.06 MB/508.06 MB
INFO   | jvm 1    | 2015/06/05 14:18:06 | 前端数据 已处理/错误/处理速度 23/0/1每分钟
INFO   | jvm 1    | 2015/06/05 14:18:06 | 内存情况 已用内存/可用内存/最大内存 20.06 MB/127.06 MB/508.06 MB
INFO   | jvm 1    | 2015/06/05 14:23:06 | 前端数据 已处理/错误/处理速度 29/0/1每分钟
INFO   | jvm 1    | 2015/06/05 14:23:06 | 内存情况 已用内存/可用内存/最大内存 19.84 MB/127.06 MB/508.06 MB
INFO   | jvm 1    | 2015/06/05 14:28:06 | 前端数据 已处理/错误/处理速度 35/0/1每分钟
INFO   | jvm 1    | 2015/06/05 14:28:06 | 内存情况 已用内存/可用内存/最大内存 19.90 MB/127.06 MB/508.06 MB
INFO   | jvm 1    | 2015/06/05 14:33:06 | 前端数据 已处理/错误/处理速度 40/0/1每分钟
INFO   | jvm 1    | 2015/06/05 14:33:06 | 内存情况 已用内存/可用内存/最大内存 19.34 MB/127.06 MB/508.06 MB
INFO   | jvm 1    | 2015/06/05 14:38:06 | 前端数据 已处理/错误/处理速度 45/0/1每分钟
INFO   | jvm 1    | 2015/06/05 14:38:06 | 内存情况 已用内存/可用内存/最大内存 18.32 MB/127.06 MB/508.06 MB
INFO   | jvm 1    | 2015/06/05 14:43:06 | 前端数据 已处理/错误/处理速度 50/0/1每分钟
INFO   | jvm 1    | 2015/06/05 14:43:06 | 内存情况 已用内存/可用内存/最大内存 17.98 MB/127.06 MB/508.06 MB
INFO   | jvm 1    | 2015/06/05 14:48:06 | 前端数据 已处理/错误/处理速度 56/0/1每分钟
INFO   | jvm 1    | 2015/06/05 14:48:06 | 内存情况 已用内存/可用内存/最大内存 17.82 MB/127.06 MB/508.06 MB
INFO   | jvm 1    | 2015/06/05 14:53:06 | 前端数据 已处理/错误/处理速度 61/0/1每分钟
INFO   | jvm 1    | 2015/06/05 14:53:06 | 内存情况 已用内存/可用内存/最大内存 24.74 MB/127.06 MB/508.06 MB
INFO   | jvm 1    | 2015/06/05 14:58:06 | 前端数据 已处理/错误/处理速度 66/0/1每分钟
INFO   | jvm 1    | 2015/06/05 14:58:06 | 内存情况 已用内存/可用内存/最大内存 24.03 MB/127.06 MB/508.06 MB
INFO   | jvm 1    | 2015/06/05 15:03:06 | 前端数据 已处理/错误/处理速度 71/0/1每分钟
INFO   | jvm 1    | 2015/06/05 15:03:06 | 内存情况 已用内存/可用内存/最大内存 23.21 MB/127.06 MB/508.06 MB
INFO   | jvm 1    | 2015/06/05 15:08:06 | 前端数据 已处理/错误/处理速度 76/0/1每分钟
INFO   | jvm 1    | 2015/06/05 15:08:06 | 内存情况 已用内存/可用内存/最大内存 22.33 MB/127.06 MB/508.06 MB
INFO   | jvm 1    | 2015/06/05 15:13:06 | 前端数据 已处理/错误/处理速度 82/0/1每分钟
INFO   | jvm 1    | 2015/06/05 15:13:06 | 内存情况 已用内存/可用内存/最大内存 22.29 MB/127.06 MB/508.06 MB
INFO   | jvm 1    | 2015/06/05 15:18:06 | 前端数据 已处理/错误/处理速度 87/0/1每分钟
INFO   | jvm 1    | 2015/06/05 15:18:06 | 内存情况 已用内存/可用内存/最大内存 21.42 MB/127.06 MB/508.06 MB
INFO   | jvm 1    | 2015/06/05 15:23:06 | 前端数据 已处理/错误/处理速度 92/0/1每分钟
INFO   | jvm 1    | 2015/06/05 15:23:06 | 内存情况 已用内存/可用内存/最大内存 20.58 MB/127.06 MB/508.06 MB
INFO   | jvm 1    | 2015/06/05 15:28:06 | 前端数据 已处理/错误/处理速度 97/0/1每分钟
INFO   | jvm 1    | 2015/06/05 15:28:06 | 内存情况 已用内存/可用内存/最大内存 19.70 MB/127.06 MB/508.06 MB
INFO   | jvm 1    | 2015/06/05 15:33:06 | 前端数据 已处理/错误/处理速度 309/0/42每分钟
INFO   | jvm 1    | 2015/06/05 15:33:06 | 内存情况 已用内存/可用内存/最大内存 20.02 MB/127.06 MB/508.06 MB
INFO   | jvm 1    | 2015/06/05 15:38:06 | 前端数据 已处理/错误/处理速度 683/0/74每分钟
INFO   | jvm 1    | 2015/06/05 15:38:06 | 内存情况 已用内存/可用内存/最大内存 19.13 MB/127.06 MB/508.06 MB
INFO   | jvm 1    | 2015/06/05 15:43:06 | 前端数据 已处理/错误/处理速度 1029/0/69每分钟
INFO   | jvm 1    | 2015/06/05 15:43:06 | 内存情况 已用内存/可用内存/最大内存 20.17 MB/127.06 MB/508.06 MB
INFO   | jvm 1    | 2015/06/05 15:48:06 | 前端数据 已处理/错误/处理速度 1313/0/56每分钟
INFO   | jvm 1    | 2015/06/05 15:48:06 | 内存情况 已用内存/可用内存/最大内存 17.95 MB/127.06 MB/508.06 MB
STATUS | wrapper  | 2015/06/05 16:02:10 | --> Wrapper Started as Service
STATUS | wrapper  | 2015/06/05 16:02:10 | Java Service Wrapper Community Edition 32-bit 3.5.17
STATUS | wrapper  | 2015/06/05 16:02:10 |   Copyright (C) 1999-2012 Tanuki Software, Ltd. All Rights Reserved.
STATUS | wrapper  | 2015/06/05 16:02:10 |     http://wrapper.tanukisoftware.com
STATUS | wrapper  | 2015/06/05 16:02:10 | 
STATUS | wrapper  | 2015/06/05 16:02:12 | Launching a JVM...
INFO   | jvm 1    | 2015/06/05 16:02:15 | WrapperManager: Initializing...
INFO   | jvm 1    | 2015/06/05 16:02:23 | 程序打开正常
INFO   | jvm 1    | 2015/06/05 16:02:23 | 进入启动倒计时 1秒
INFO   | jvm 1    | 2015/06/05 16:02:25 | 数据主目录检查正常
INFO   | jvm 1    | 2015/06/05 16:02:26 | 数据库连接检查正常
INFO   | jvm 1    | 2015/06/05 16:02:26 | 2015-6-5 16:02:26 com.mchange.v2.log.MLog <clinit>
INFO   | jvm 1    | 2015/06/05 16:02:26 | 信息: MLog clients using java 1.4+ standard logging.
INFO   | jvm 1    | 2015/06/05 16:02:26 | 2015-6-5 16:02:26 com.mchange.v2.c3p0.C3P0Registry banner
INFO   | jvm 1    | 2015/06/05 16:02:26 | 信息: Initializing c3p0-0.9.1.2 [built 21-May-2007 15:04:56; debug? true; trace: 10]
INFO   | jvm 1    | 2015/06/05 16:02:27 | 服务启动正常
INFO   | jvm 1    | 2015/06/05 16:02:29 | 前端数据 已处理/错误/处理速度 0/0/0每分钟
INFO   | jvm 1    | 2015/06/05 16:02:29 | 内存情况 已用内存/可用内存/最大内存 21.70 MB/127.06 MB/508.06 MB
INFO   | jvm 1    | 2015/06/05 16:03:34 | 2015-6-5 16:03:34 com.mchange.v2.c3p0.impl.AbstractPoolBackedDataSource getPoolManager
INFO   | jvm 1    | 2015/06/05 16:03:34 | 信息: Initializing c3p0 pool... com.mchange.v2.c3p0.ComboPooledDataSource [ acquireIncrement -> 5, acquireRetryAttempts -> 30, acquireRetryDelay -> 1, autoCommitOnClose -> false, automaticTestTable -> null, breakAfterAcquireFailure -> false, checkoutTimeout -> 0, connectionCustomizerClassName -> null, connectionTesterClassName -> com.mchange.v2.c3p0.impl.DefaultConnectionTester, dataSourceName -> 2yrpy7991i1889s6tmsx4|177b3cd, debugUnreturnedConnectionStackTraces -> false, description -> null, driverClass -> oracle.jdbc.driver.OracleDriver, factoryClassLocation -> null, forceIgnoreUnresolvedTransactions -> false, identityToken -> 2yrpy7991i1889s6tmsx4|177b3cd, idleConnectionTestPeriod -> 0, initialPoolSize -> 3, jdbcUrl -> jdbc:oracle:thin:@10.176.102.32:1521:imrs, maxAdministrativeTaskTime -> 0, maxConnectionAge -> 0, maxIdleTime -> 0, maxIdleTimeExcessConnections -> 0, maxPoolSize -> 5, maxStatements -> 180, maxStatementsPerConnection -> 0, minPoolSize -> 3, numHelperThreads -> 10, numThreadsAwaitingCheckoutDefaultUser -> 0, preferredTestQuery -> null, properties -> {user=******, password=******}, propertyCycle -> 0, testConnectionOnCheckin -> false, testConnectionOnCheckout -> false, unreturnedConnectionTimeout -> 0, usesTraditionalReflectiveProxies -> false ]
STATUS | wrapper  | 2015/06/05 16:15:43 | --> Wrapper Started as Service
STATUS | wrapper  | 2015/06/05 16:15:43 | Java Service Wrapper Community Edition 32-bit 3.5.17
STATUS | wrapper  | 2015/06/05 16:15:43 |   Copyright (C) 1999-2012 Tanuki Software, Ltd. All Rights Reserved.
STATUS | wrapper  | 2015/06/05 16:15:43 |     http://wrapper.tanukisoftware.com
STATUS | wrapper  | 2015/06/05 16:15:43 | 
STATUS | wrapper  | 2015/06/05 16:15:44 | Launching a JVM...
INFO   | jvm 1    | 2015/06/05 16:15:48 | WrapperManager: Initializing...
INFO   | jvm 1    | 2015/06/05 16:15:57 | 程序打开正常
INFO   | jvm 1    | 2015/06/05 16:15:57 | 进入启动倒计时 1秒
INFO   | jvm 1    | 2015/06/05 16:15:58 | 数据主目录检查正常
INFO   | jvm 1    | 2015/06/05 16:15:59 | 数据库连接检查正常
INFO   | jvm 1    | 2015/06/05 16:15:59 | 2015-6-5 16:15:59 com.mchange.v2.log.MLog <clinit>
INFO   | jvm 1    | 2015/06/05 16:15:59 | 信息: MLog clients using java 1.4+ standard logging.
INFO   | jvm 1    | 2015/06/05 16:15:59 | 2015-6-5 16:15:59 com.mchange.v2.c3p0.C3P0Registry banner
INFO   | jvm 1    | 2015/06/05 16:15:59 | 信息: Initializing c3p0-0.9.1.2 [built 21-May-2007 15:04:56; debug? true; trace: 10]
INFO   | jvm 1    | 2015/06/05 16:16:00 | 服务启动正常
INFO   | jvm 1    | 2015/06/05 16:16:02 | 前端数据 已处理/错误/处理速度 0/0/0每分钟
INFO   | jvm 1    | 2015/06/05 16:16:02 | 内存情况 已用内存/可用内存/最大内存 22.37 MB/127.06 MB/508.06 MB
INFO   | jvm 1    | 2015/06/05 16:17:04 | 2015-6-5 16:17:04 com.mchange.v2.c3p0.impl.AbstractPoolBackedDataSource getPoolManager
INFO   | jvm 1    | 2015/06/05 16:17:04 | 信息: Initializing c3p0 pool... com.mchange.v2.c3p0.ComboPooledDataSource [ acquireIncrement -> 5, acquireRetryAttempts -> 30, acquireRetryDelay -> 1, autoCommitOnClose -> false, automaticTestTable -> null, breakAfterAcquireFailure -> false, checkoutTimeout -> 0, connectionCustomizerClassName -> null, connectionTesterClassName -> com.mchange.v2.c3p0.impl.DefaultConnectionTester, dataSourceName -> 2yrpy7991i1pnivrkwsv3|177b3cd, debugUnreturnedConnectionStackTraces -> false, description -> null, driverClass -> oracle.jdbc.driver.OracleDriver, factoryClassLocation -> null, forceIgnoreUnresolvedTransactions -> false, identityToken -> 2yrpy7991i1pnivrkwsv3|177b3cd, idleConnectionTestPeriod -> 0, initialPoolSize -> 3, jdbcUrl -> jdbc:oracle:thin:@10.176.102.32:1521:imrs, maxAdministrativeTaskTime -> 0, maxConnectionAge -> 0, maxIdleTime -> 0, maxIdleTimeExcessConnections -> 0, maxPoolSize -> 5, maxStatements -> 180, maxStatementsPerConnection -> 0, minPoolSize -> 3, numHelperThreads -> 10, numThreadsAwaitingCheckoutDefaultUser -> 0, preferredTestQuery -> null, properties -> {user=******, password=******}, propertyCycle -> 0, testConnectionOnCheckin -> false, testConnectionOnCheckout -> false, unreturnedConnectionTimeout -> 0, usesTraditionalReflectiveProxies -> false ]
INFO   | jvm 1    | 2015/06/05 16:21:02 | 前端数据 已处理/错误/处理速度 151/0/30每分钟
INFO   | jvm 1    | 2015/06/05 16:21:02 | 内存情况 已用内存/可用内存/最大内存 20.48 MB/127.06 MB/508.06 MB
INFO   | jvm 1    | 2015/06/05 16:26:02 | 前端数据 已处理/错误/处理速度 190/0/7每分钟
INFO   | jvm 1    | 2015/06/05 16:26:02 | 内存情况 已用内存/可用内存/最大内存 22.23 MB/127.06 MB/508.06 MB
INFO   | jvm 1    | 2015/06/05 16:31:02 | 前端数据 已处理/错误/处理速度 215/0/5每分钟
INFO   | jvm 1    | 2015/06/05 16:31:02 | 内存情况 已用内存/可用内存/最大内存 21.14 MB/127.06 MB/508.06 MB
INFO   | jvm 1    | 2015/06/05 16:36:02 | 前端数据 已处理/错误/处理速度 242/0/5每分钟
INFO   | jvm 1    | 2015/06/05 16:36:02 | 内存情况 已用内存/可用内存/最大内存 21.60 MB/127.06 MB/508.06 MB
INFO   | jvm 1    | 2015/06/05 16:41:02 | 前端数据 已处理/错误/处理速度 265/0/4每分钟
INFO   | jvm 1    | 2015/06/05 16:41:02 | 内存情况 已用内存/可用内存/最大内存 19.08 MB/127.06 MB/508.06 MB
INFO   | jvm 1    | 2015/06/05 16:46:02 | 前端数据 已处理/错误/处理速度 309/0/8每分钟
INFO   | jvm 1    | 2015/06/05 16:46:02 | 内存情况 已用内存/可用内存/最大内存 16.88 MB/127.06 MB/508.06 MB
INFO   | jvm 1    | 2015/06/05 16:51:02 | 前端数据 已处理/错误/处理速度 339/0/6每分钟
INFO   | jvm 1    | 2015/06/05 16:51:02 | 内存情况 已用内存/可用内存/最大内存 19.51 MB/127.06 MB/508.06 MB
INFO   | jvm 1    | 2015/06/05 16:56:02 | 前端数据 已处理/错误/处理速度 374/0/7每分钟
INFO   | jvm 1    | 2015/06/05 16:56:02 | 内存情况 已用内存/可用内存/最大内存 18.31 MB/127.06 MB/508.06 MB
INFO   | jvm 1    | 2015/06/05 17:01:02 | 前端数据 已处理/错误/处理速度 410/0/7每分钟
INFO   | jvm 1    | 2015/06/05 17:01:02 | 内存情况 已用内存/可用内存/最大内存 17.74 MB/127.06 MB/508.06 MB
INFO   | jvm 1    | 2015/06/05 17:06:02 | 前端数据 已处理/错误/处理速度 434/0/4每分钟
INFO   | jvm 1    | 2015/06/05 17:06:02 | 内存情况 已用内存/可用内存/最大内存 23.86 MB/127.06 MB/508.06 MB
INFO   | jvm 1    | 2015/06/05 17:11:02 | 前端数据 已处理/错误/处理速度 463/0/5每分钟
INFO   | jvm 1    | 2015/06/05 17:11:02 | 内存情况 已用内存/可用内存/最大内存 18.00 MB/127.06 MB/508.06 MB
INFO   | jvm 1    | 2015/06/05 17:16:02 | 前端数据 已处理/错误/处理速度 490/0/5每分钟
INFO   | jvm 1    | 2015/06/05 17:16:02 | 内存情况 已用内存/可用内存/最大内存 18.49 MB/127.06 MB/508.06 MB
INFO   | jvm 1    | 2015/06/05 17:21:02 | 前端数据 已处理/错误/处理速度 508/0/3每分钟
INFO   | jvm 1    | 2015/06/05 17:21:02 | 内存情况 已用内存/可用内存/最大内存 19.82 MB/127.06 MB/508.06 MB
INFO   | jvm 1    | 2015/06/05 17:26:02 | 前端数据 已处理/错误/处理速度 526/0/3每分钟
INFO   | jvm 1    | 2015/06/05 17:26:02 | 内存情况 已用内存/可用内存/最大内存 20.99 MB/127.06 MB/508.06 MB
INFO   | jvm 1    | 2015/06/05 17:31:02 | 前端数据 已处理/错误/处理速度 550/0/4每分钟
INFO   | jvm 1    | 2015/06/05 17:31:02 | 内存情况 已用内存/可用内存/最大内存 19.30 MB/127.06 MB/508.06 MB
INFO   | jvm 1    | 2015/06/05 17:36:02 | 前端数据 已处理/错误/处理速度 561/0/2每分钟
INFO   | jvm 1    | 2015/06/05 17:36:02 | 内存情况 已用内存/可用内存/最大内存 23.12 MB/127.06 MB/508.06 MB
INFO   | jvm 1    | 2015/06/05 17:41:02 | 前端数据 已处理/错误/处理速度 574/0/2每分钟
INFO   | jvm 1    | 2015/06/05 17:41:02 | 内存情况 已用内存/可用内存/最大内存 20.64 MB/127.06 MB/508.06 MB
INFO   | jvm 1    | 2015/06/05 17:46:02 | 前端数据 已处理/错误/处理速度 580/0/1每分钟
INFO   | jvm 1    | 2015/06/05 17:46:02 | 内存情况 已用内存/可用内存/最大内存 20.68 MB/127.06 MB/508.06 MB
INFO   | jvm 1    | 2015/06/05 17:51:02 | 前端数据 已处理/错误/处理速度 604/0/4每分钟
INFO   | jvm 1    | 2015/06/05 17:51:02 | 内存情况 已用内存/可用内存/最大内存 18.93 MB/127.06 MB/508.06 MB
INFO   | jvm 1    | 2015/06/05 17:56:02 | 前端数据 已处理/错误/处理速度 630/0/5每分钟
INFO   | jvm 1    | 2015/06/05 17:56:02 | 内存情况 已用内存/可用内存/最大内存 18.78 MB/127.06 MB/508.06 MB
INFO   | jvm 1    | 2015/06/05 18:01:02 | 前端数据 已处理/错误/处理速度 663/0/6每分钟
INFO   | jvm 1    | 2015/06/05 18:01:02 | 内存情况 已用内存/可用内存/最大内存 24.01 MB/127.06 MB/508.06 MB
INFO   | jvm 1    | 2015/06/05 18:06:02 | 前端数据 已处理/错误/处理速度 723/0/12每分钟
INFO   | jvm 1    | 2015/06/05 18:06:02 | 内存情况 已用内存/可用内存/最大内存 18.36 MB/127.06 MB/508.06 MB
INFO   | jvm 1    | 2015/06/05 18:11:02 | 前端数据 已处理/错误/处理速度 766/0/8每分钟
INFO   | jvm 1    | 2015/06/05 18:11:02 | 内存情况 已用内存/可用内存/最大内存 23.25 MB/127.06 MB/508.06 MB
INFO   | jvm 1    | 2015/06/05 18:16:02 | 前端数据 已处理/错误/处理速度 825/0/11每分钟
INFO   | jvm 1    | 2015/06/05 18:16:02 | 内存情况 已用内存/可用内存/最大内存 16.95 MB/127.06 MB/508.06 MB
INFO   | jvm 1    | 2015/06/05 18:21:02 | 前端数据 已处理/错误/处理速度 857/0/6每分钟
INFO   | jvm 1    | 2015/06/05 18:21:02 | 内存情况 已用内存/可用内存/最大内存 21.17 MB/127.06 MB/508.06 MB
INFO   | jvm 1    | 2015/06/05 18:26:02 | 前端数据 已处理/错误/处理速度 890/0/6每分钟
INFO   | jvm 1    | 2015/06/05 18:26:02 | 内存情况 已用内存/可用内存/最大内存 18.41 MB/127.06 MB/508.06 MB
INFO   | jvm 1    | 2015/06/05 18:31:02 | 前端数据 已处理/错误/处理速度 913/0/4每分钟
INFO   | jvm 1    | 2015/06/05 18:31:02 | 内存情况 已用内存/可用内存/最大内存 23.68 MB/127.06 MB/508.06 MB
INFO   | jvm 1    | 2015/06/05 18:36:02 | 前端数据 已处理/错误/处理速度 951/0/7每分钟
INFO   | jvm 1    | 2015/06/05 18:36:02 | 内存情况 已用内存/可用内存/最大内存 16.99 MB/127.06 MB/508.06 MB
INFO   | jvm 1    | 2015/06/05 18:41:02 | 前端数据 已处理/错误/处理速度 981/0/6每分钟
INFO   | jvm 1    | 2015/06/05 18:41:02 | 内存情况 已用内存/可用内存/最大内存 19.75 MB/127.06 MB/508.06 MB
INFO   | jvm 1    | 2015/06/05 18:46:02 | 前端数据 已处理/错误/处理速度 1013/0/6每分钟
INFO   | jvm 1    | 2015/06/05 18:46:02 | 内存情况 已用内存/可用内存/最大内存 24.15 MB/127.06 MB/508.06 MB
INFO   | jvm 1    | 2015/06/05 18:51:02 | 前端数据 已处理/错误/处理速度 1055/0/8每分钟
INFO   | jvm 1    | 2015/06/05 18:51:02 | 内存情况 已用内存/可用内存/最大内存 20.53 MB/127.06 MB/508.06 MB
INFO   | jvm 1    | 2015/06/05 18:56:02 | 前端数据 已处理/错误/处理速度 1076/0/4每分钟
INFO   | jvm 1    | 2015/06/05 18:56:02 | 内存情况 已用内存/可用内存/最大内存 24.20 MB/127.06 MB/508.06 MB
INFO   | jvm 1    | 2015/06/05 19:01:02 | 前端数据 已处理/错误/处理速度 1114/0/7每分钟
INFO   | jvm 1    | 2015/06/05 19:01:02 | 内存情况 已用内存/可用内存/最大内存 17.28 MB/127.06 MB/508.06 MB
INFO   | jvm 1    | 2015/06/05 19:06:02 | 前端数据 已处理/错误/处理速度 1148/0/6每分钟
INFO   | jvm 1    | 2015/06/05 19:06:02 | 内存情况 已用内存/可用内存/最大内存 23.15 MB/127.06 MB/508.06 MB
INFO   | jvm 1    | 2015/06/05 19:11:02 | 前端数据 已处理/错误/处理速度 1178/0/6每分钟
INFO   | jvm 1    | 2015/06/05 19:11:02 | 内存情况 已用内存/可用内存/最大内存 18.05 MB/127.06 MB/508.06 MB
INFO   | jvm 1    | 2015/06/05 19:16:02 | 前端数据 已处理/错误/处理速度 1207/0/5每分钟
INFO   | jvm 1    | 2015/06/05 19:16:02 | 内存情况 已用内存/可用内存/最大内存 20.00 MB/127.06 MB/508.06 MB
INFO   | jvm 1    | 2015/06/05 19:21:02 | 前端数据 已处理/错误/处理速度 1240/0/6每分钟
INFO   | jvm 1    | 2015/06/05 19:21:02 | 内存情况 已用内存/可用内存/最大内存 17.26 MB/127.06 MB/508.06 MB
INFO   | jvm 1    | 2015/06/05 19:26:02 | 前端数据 已处理/错误/处理速度 1258/0/3每分钟
INFO   | jvm 1    | 2015/06/05 19:26:02 | 内存情况 已用内存/可用内存/最大内存 18.76 MB/127.06 MB/508.06 MB
INFO   | jvm 1    | 2015/06/05 19:31:02 | 前端数据 已处理/错误/处理速度 1282/0/4每分钟
INFO   | jvm 1    | 2015/06/05 19:31:02 | 内存情况 已用内存/可用内存/最大内存 16.98 MB/127.06 MB/508.06 MB
INFO   | jvm 1    | 2015/06/05 19:36:02 | 前端数据 已处理/错误/处理速度 1323/0/8每分钟
INFO   | jvm 1    | 2015/06/05 19:36:02 | 内存情况 已用内存/可用内存/最大内存 20.29 MB/127.06 MB/508.06 MB
INFO   | jvm 1    | 2015/06/05 19:41:02 | 前端数据 已处理/错误/处理速度 1350/0/5每分钟
INFO   | jvm 1    | 2015/06/05 19:41:02 | 内存情况 已用内存/可用内存/最大内存 20.75 MB/127.06 MB/508.06 MB
INFO   | jvm 1    | 2015/06/05 19:46:02 | 前端数据 已处理/错误/处理速度 1375/0/5每分钟
INFO   | jvm 1    | 2015/06/05 19:46:02 | 内存情况 已用内存/可用内存/最大内存 19.84 MB/127.06 MB/508.06 MB
INFO   | jvm 1    | 2015/06/05 19:51:02 | 前端数据 已处理/错误/处理速度 1398/0/4每分钟
INFO   | jvm 1    | 2015/06/05 19:51:02 | 内存情况 已用内存/可用内存/最大内存 17.18 MB/127.06 MB/508.06 MB
INFO   | jvm 1    | 2015/06/05 19:56:02 | 前端数据 已处理/错误/处理速度 1430/0/6每分钟
INFO   | jvm 1    | 2015/06/05 19:56:02 | 内存情况 已用内存/可用内存/最大内存 21.47 MB/127.06 MB/508.06 MB
INFO   | jvm 1    | 2015/06/05 20:01:02 | 前端数据 已处理/错误/处理速度 1451/0/4每分钟
INFO   | jvm 1    | 2015/06/05 20:01:02 | 内存情况 已用内存/可用内存/最大内存 17.35 MB/127.06 MB/508.06 MB
INFO   | jvm 1    | 2015/06/05 20:06:02 | 前端数据 已处理/错误/处理速度 1477/0/5每分钟
INFO   | jvm 1    | 2015/06/05 20:06:02 | 内存情况 已用内存/可用内存/最大内存 17.10 MB/127.06 MB/508.06 MB
INFO   | jvm 1    | 2015/06/05 20:11:02 | 前端数据 已处理/错误/处理速度 1496/0/3每分钟
INFO   | jvm 1    | 2015/06/05 20:11:02 | 内存情况 已用内存/可用内存/最大内存 19.23 MB/127.06 MB/508.06 MB
INFO   | jvm 1    | 2015/06/05 20:16:02 | 前端数据 已处理/错误/处理速度 1511/0/3每分钟
INFO   | jvm 1    | 2015/06/05 20:16:02 | 内存情况 已用内存/可用内存/最大内存 18.28 MB/127.06 MB/508.06 MB
INFO   | jvm 1    | 2015/06/05 20:21:02 | 前端数据 已处理/错误/处理速度 1539/0/5每分钟
INFO   | jvm 1    | 2015/06/05 20:21:02 | 内存情况 已用内存/可用内存/最大内存 19.52 MB/127.06 MB/508.06 MB
INFO   | jvm 1    | 2015/06/05 20:26:02 | 前端数据 已处理/错误/处理速度 1569/0/6每分钟
INFO   | jvm 1    | 2015/06/05 20:26:02 | 内存情况 已用内存/可用内存/最大内存 22.39 MB/127.06 MB/508.06 MB
INFO   | jvm 1    | 2015/06/05 20:31:02 | 前端数据 已处理/错误/处理速度 1584/0/3每分钟
INFO   | jvm 1    | 2015/06/05 20:31:02 | 内存情况 已用内存/可用内存/最大内存 21.37 MB/127.06 MB/508.06 MB
INFO   | jvm 1    | 2015/06/05 20:36:02 | 前端数据 已处理/错误/处理速度 1601/0/3每分钟
INFO   | jvm 1    | 2015/06/05 20:36:02 | 内存情况 已用内存/可用内存/最大内存 22.16 MB/127.06 MB/508.06 MB
INFO   | jvm 1    | 2015/06/05 20:41:02 | 前端数据 已处理/错误/处理速度 1613/0/2每分钟
INFO   | jvm 1    | 2015/06/05 20:41:02 | 内存情况 已用内存/可用内存/最大内存 18.99 MB/127.06 MB/508.06 MB
INFO   | jvm 1    | 2015/06/05 20:46:02 | 前端数据 已处理/错误/处理速度 1630/0/3每分钟
INFO   | jvm 1    | 2015/06/05 20:46:02 | 内存情况 已用内存/可用内存/最大内存 19.60 MB/127.06 MB/508.06 MB
INFO   | jvm 1    | 2015/06/05 20:51:02 | 前端数据 已处理/错误/处理速度 1649/0/3每分钟
INFO   | jvm 1    | 2015/06/05 20:51:02 | 内存情况 已用内存/可用内存/最大内存 21.73 MB/127.06 MB/508.06 MB
INFO   | jvm 1    | 2015/06/05 20:56:02 | 前端数据 已处理/错误/处理速度 1673/0/4每分钟
INFO   | jvm 1    | 2015/06/05 20:56:02 | 内存情况 已用内存/可用内存/最大内存 20.07 MB/127.06 MB/508.06 MB
INFO   | jvm 1    | 2015/06/05 21:01:02 | 前端数据 已处理/错误/处理速度 1702/0/5每分钟
INFO   | jvm 1    | 2015/06/05 21:01:02 | 内存情况 已用内存/可用内存/最大内存 22.19 MB/127.06 MB/508.06 MB
INFO   | jvm 1    | 2015/06/05 21:06:02 | 前端数据 已处理/错误/处理速度 1733/0/6每分钟
INFO   | jvm 1    | 2015/06/05 21:06:02 | 内存情况 已用内存/可用内存/最大内存 17.88 MB/127.06 MB/508.06 MB
INFO   | jvm 1    | 2015/06/05 21:11:02 | 前端数据 已处理/错误/处理速度 1751/0/3每分钟
INFO   | jvm 1    | 2015/06/05 21:11:02 | 内存情况 已用内存/可用内存/最大内存 19.32 MB/127.06 MB/508.06 MB
INFO   | jvm 1    | 2015/06/05 21:16:02 | 前端数据 已处理/错误/处理速度 1769/0/3每分钟
INFO   | jvm 1    | 2015/06/05 21:16:02 | 内存情况 已用内存/可用内存/最大内存 20.74 MB/127.06 MB/508.06 MB
INFO   | jvm 1    | 2015/06/05 21:21:02 | 前端数据 已处理/错误/处理速度 1785/0/3每分钟
INFO   | jvm 1    | 2015/06/05 21:21:02 | 内存情况 已用内存/可用内存/最大内存 20.63 MB/127.06 MB/508.06 MB
INFO   | jvm 1    | 2015/06/05 21:26:02 | 前端数据 已处理/错误/处理速度 1809/0/4每分钟
INFO   | jvm 1    | 2015/06/05 21:26:02 | 内存情况 已用内存/可用内存/最大内存 18.76 MB/127.06 MB/508.06 MB
INFO   | jvm 1    | 2015/06/05 21:31:02 | 前端数据 已处理/错误/处理速度 1836/0/5每分钟
INFO   | jvm 1    | 2015/06/05 21:31:02 | 内存情况 已用内存/可用内存/最大内存 19.33 MB/127.06 MB/508.06 MB
INFO   | jvm 1    | 2015/06/05 21:36:02 | 前端数据 已处理/错误/处理速度 1855/0/3每分钟
INFO   | jvm 1    | 2015/06/05 21:36:02 | 内存情况 已用内存/可用内存/最大内存 21.54 MB/127.06 MB/508.06 MB
INFO   | jvm 1    | 2015/06/05 21:41:02 | 前端数据 已处理/错误/处理速度 1872/0/3每分钟
INFO   | jvm 1    | 2015/06/05 21:41:02 | 内存情况 已用内存/可用内存/最大内存 22.20 MB/127.06 MB/508.06 MB
INFO   | jvm 1    | 2015/06/05 21:46:02 | 前端数据 已处理/错误/处理速度 1895/0/4每分钟
INFO   | jvm 1    | 2015/06/05 21:46:02 | 内存情况 已用内存/可用内存/最大内存 19.59 MB/127.06 MB/508.06 MB
INFO   | jvm 1    | 2015/06/05 21:51:02 | 前端数据 已处理/错误/处理速度 1909/0/2每分钟
INFO   | jvm 1    | 2015/06/05 21:51:02 | 内存情况 已用内存/可用内存/最大内存 17.88 MB/127.06 MB/508.06 MB
INFO   | jvm 1    | 2015/06/05 21:56:02 | 前端数据 已处理/错误/处理速度 1933/0/4每分钟
INFO   | jvm 1    | 2015/06/05 21:56:02 | 内存情况 已用内存/可用内存/最大内存 24.00 MB/127.06 MB/508.06 MB
INFO   | jvm 1    | 2015/06/05 22:01:02 | 前端数据 已处理/错误/处理速度 1951/0/3每分钟
INFO   | jvm 1    | 2015/06/05 22:01:02 | 内存情况 已用内存/可用内存/最大内存 17.49 MB/127.06 MB/508.06 MB
INFO   | jvm 1    | 2015/06/05 22:06:02 | 前端数据 已处理/错误/处理速度 1973/0/4每分钟
INFO   | jvm 1    | 2015/06/05 22:06:02 | 内存情况 已用内存/可用内存/最大内存 21.99 MB/127.06 MB/508.06 MB
INFO   | jvm 1    | 2015/06/05 22:11:02 | 前端数据 已处理/错误/处理速度 1996/0/4每分钟
INFO   | jvm 1    | 2015/06/05 22:11:02 | 内存情况 已用内存/可用内存/最大内存 19.24 MB/127.06 MB/508.06 MB
INFO   | jvm 1    | 2015/06/05 22:16:02 | 前端数据 已处理/错误/处理速度 2023/0/5每分钟
INFO   | jvm 1    | 2015/06/05 22:16:02 | 内存情况 已用内存/可用内存/最大内存 19.76 MB/127.06 MB/508.06 MB
INFO   | jvm 1    | 2015/06/05 22:21:02 | 前端数据 已处理/错误/处理速度 2036/0/2每分钟
INFO   | jvm 1    | 2015/06/05 22:21:02 | 内存情况 已用内存/可用内存/最大内存 17.27 MB/127.06 MB/508.06 MB
INFO   | jvm 1    | 2015/06/05 22:26:02 | 前端数据 已处理/错误/处理速度 2047/0/2每分钟
INFO   | jvm 1    | 2015/06/05 22:26:02 | 内存情况 已用内存/可用内存/最大内存 21.18 MB/127.06 MB/508.06 MB
INFO   | jvm 1    | 2015/06/05 22:31:02 | 前端数据 已处理/错误/处理速度 2074/0/5每分钟
INFO   | jvm 1    | 2015/06/05 22:31:02 | 内存情况 已用内存/可用内存/最大内存 21.63 MB/127.06 MB/508.06 MB
INFO   | jvm 1    | 2015/06/05 22:36:02 | 前端数据 已处理/错误/处理速度 2082/0/1每分钟
INFO   | jvm 1    | 2015/06/05 22:36:02 | 内存情况 已用内存/可用内存/最大内存 23.16 MB/127.06 MB/508.06 MB
INFO   | jvm 1    | 2015/06/05 22:41:02 | 前端数据 已处理/错误/处理速度 2092/0/2每分钟
INFO   | jvm 1    | 2015/06/05 22:41:02 | 内存情况 已用内存/可用内存/最大内存 18.49 MB/127.06 MB/508.06 MB
INFO   | jvm 1    | 2015/06/05 22:46:02 | 前端数据 已处理/错误/处理速度 2112/0/4每分钟
INFO   | jvm 1    | 2015/06/05 22:46:02 | 内存情况 已用内存/可用内存/最大内存 21.56 MB/127.06 MB/508.06 MB
INFO   | jvm 1    | 2015/06/05 22:51:02 | 前端数据 已处理/错误/处理速度 2123/0/2每分钟
INFO   | jvm 1    | 2015/06/05 22:51:02 | 内存情况 已用内存/可用内存/最大内存 17.46 MB/127.06 MB/508.06 MB
INFO   | jvm 1    | 2015/06/05 22:56:02 | 前端数据 已处理/错误/处理速度 2140/0/3每分钟
INFO   | jvm 1    | 2015/06/05 22:56:02 | 内存情况 已用内存/可用内存/最大内存 18.21 MB/127.06 MB/508.06 MB
INFO   | jvm 1    | 2015/06/05 23:01:02 | 前端数据 已处理/错误/处理速度 2164/0/4每分钟
INFO   | jvm 1    | 2015/06/05 23:01:02 | 内存情况 已用内存/可用内存/最大内存 24.36 MB/127.06 MB/508.06 MB
INFO   | jvm 1    | 2015/06/05 23:06:02 | 前端数据 已处理/错误/处理速度 2185/0/4每分钟
INFO   | jvm 1    | 2015/06/05 23:06:02 | 内存情况 已用内存/可用内存/最大内存 20.27 MB/127.06 MB/508.06 MB
INFO   | jvm 1    | 2015/06/05 23:11:02 | 前端数据 已处理/错误/处理速度 2210/0/5每分钟
INFO   | jvm 1    | 2015/06/05 23:11:02 | 内存情况 已用内存/可用内存/最大内存 19.13 MB/127.06 MB/508.06 MB
INFO   | jvm 1    | 2015/06/05 23:16:02 | 前端数据 已处理/错误/处理速度 2233/0/4每分钟
INFO   | jvm 1    | 2015/06/05 23:16:02 | 内存情况 已用内存/可用内存/最大内存 24.49 MB/127.06 MB/508.06 MB
INFO   | jvm 1    | 2015/06/05 23:21:02 | 前端数据 已处理/错误/处理速度 2264/0/6每分钟
INFO   | jvm 1    | 2015/06/05 23:21:02 | 内存情况 已用内存/可用内存/最大内存 20.22 MB/127.06 MB/508.06 MB
INFO   | jvm 1    | 2015/06/05 23:26:02 | 前端数据 已处理/错误/处理速度 2290/0/5每分钟
INFO   | jvm 1    | 2015/06/05 23:26:02 | 内存情况 已用内存/可用内存/最大内存 20.10 MB/127.06 MB/508.06 MB
INFO   | jvm 1    | 2015/06/05 23:31:02 | 前端数据 已处理/错误/处理速度 2310/0/4每分钟
INFO   | jvm 1    | 2015/06/05 23:31:02 | 内存情况 已用内存/可用内存/最大内存 23.10 MB/127.06 MB/508.06 MB
INFO   | jvm 1    | 2015/06/05 23:36:02 | 前端数据 已处理/错误/处理速度 2332/0/4每分钟
INFO   | jvm 1    | 2015/06/05 23:36:02 | 内存情况 已用内存/可用内存/最大内存 19.66 MB/127.06 MB/508.06 MB
INFO   | jvm 1    | 2015/06/05 23:41:02 | 前端数据 已处理/错误/处理速度 2349/0/3每分钟
INFO   | jvm 1    | 2015/06/05 23:41:02 | 内存情况 已用内存/可用内存/最大内存 20.39 MB/127.06 MB/508.06 MB
INFO   | jvm 1    | 2015/06/05 23:46:02 | 前端数据 已处理/错误/处理速度 2368/0/3每分钟
INFO   | jvm 1    | 2015/06/05 23:46:02 | 内存情况 已用内存/可用内存/最大内存 22.54 MB/127.06 MB/508.06 MB
INFO   | jvm 1    | 2015/06/05 23:51:02 | 前端数据 已处理/错误/处理速度 2381/0/2每分钟
INFO   | jvm 1    | 2015/06/05 23:51:02 | 内存情况 已用内存/可用内存/最大内存 20.10 MB/127.06 MB/508.06 MB
INFO   | jvm 1    | 2015/06/05 23:56:02 | 前端数据 已处理/错误/处理速度 2405/0/4每分钟
INFO   | jvm 1    | 2015/06/05 23:56:02 | 内存情况 已用内存/可用内存/最大内存 18.33 MB/127.06 MB/508.06 MB
INFO   | jvm 1    | 2015/06/06 00:01:02 | 前端数据 已处理/错误/处理速度 2426/0/4每分钟
INFO   | jvm 1    | 2015/06/06 00:01:02 | 内存情况 已用内存/可用内存/最大内存 22.23 MB/127.06 MB/508.06 MB
INFO   | jvm 1    | 2015/06/06 00:06:02 | 前端数据 已处理/错误/处理速度 2448/0/4每分钟
INFO   | jvm 1    | 2015/06/06 00:06:02 | 内存情况 已用内存/可用内存/最大内存 19.43 MB/127.06 MB/508.06 MB
INFO   | jvm 1    | 2015/06/06 00:11:02 | 前端数据 已处理/错误/处理速度 2466/0/3每分钟
INFO   | jvm 1    | 2015/06/06 00:11:02 | 内存情况 已用内存/可用内存/最大内存 21.52 MB/127.06 MB/508.06 MB
INFO   | jvm 1    | 2015/06/06 00:16:02 | 前端数据 已处理/错误/处理速度 2481/0/3每分钟
INFO   | jvm 1    | 2015/06/06 00:16:02 | 内存情况 已用内存/可用内存/最大内存 21.18 MB/127.06 MB/508.06 MB
INFO   | jvm 1    | 2015/06/06 00:21:02 | 前端数据 已处理/错误/处理速度 2507/0/5每分钟
INFO   | jvm 1    | 2015/06/06 00:21:02 | 内存情况 已用内存/可用内存/最大内存 21.38 MB/127.06 MB/508.06 MB
INFO   | jvm 1    | 2015/06/06 00:26:02 | 前端数据 已处理/错误/处理速度 2534/0/5每分钟
INFO   | jvm 1    | 2015/06/06 00:26:02 | 内存情况 已用内存/可用内存/最大内存 22.67 MB/127.06 MB/508.06 MB
INFO   | jvm 1    | 2015/06/06 00:31:02 | 前端数据 已处理/错误/处理速度 2551/0/3每分钟
INFO   | jvm 1    | 2015/06/06 00:31:02 | 内存情况 已用内存/可用内存/最大内存 23.90 MB/127.06 MB/508.06 MB
INFO   | jvm 1    | 2015/06/06 00:36:02 | 前端数据 已处理/错误/处理速度 2559/0/1每分钟
INFO   | jvm 1    | 2015/06/06 00:36:02 | 内存情况 已用内存/可用内存/最大内存 18.12 MB/127.06 MB/508.06 MB
INFO   | jvm 1    | 2015/06/06 00:41:02 | 前端数据 已处理/错误/处理速度 2571/0/2每分钟
INFO   | jvm 1    | 2015/06/06 00:41:02 | 内存情况 已用内存/可用内存/最大内存 23.46 MB/127.06 MB/508.06 MB
INFO   | jvm 1    | 2015/06/06 00:46:02 | 前端数据 已处理/错误/处理速度 2590/0/3每分钟
INFO   | jvm 1    | 2015/06/06 00:46:02 | 内存情况 已用内存/可用内存/最大内存 18.36 MB/127.06 MB/508.06 MB
INFO   | jvm 1    | 2015/06/06 00:51:02 | 前端数据 已处理/错误/处理速度 2596/0/1每分钟
INFO   | jvm 1    | 2015/06/06 00:51:02 | 内存情况 已用内存/可用内存/最大内存 18.94 MB/127.06 MB/508.06 MB
INFO   | jvm 1    | 2015/06/06 00:56:02 | 前端数据 已处理/错误/处理速度 2604/0/1每分钟
INFO   | jvm 1    | 2015/06/06 00:56:02 | 内存情况 已用内存/可用内存/最大内存 21.18 MB/127.06 MB/508.06 MB
INFO   | jvm 1    | 2015/06/06 01:01:02 | 前端数据 已处理/错误/处理速度 2616/0/2每分钟
INFO   | jvm 1    | 2015/06/06 01:01:02 | 内存情况 已用内存/可用内存/最大内存 18.55 MB/127.06 MB/508.06 MB
INFO   | jvm 1    | 2015/06/06 01:06:02 | 前端数据 已处理/错误/处理速度 2621/0/1每分钟
INFO   | jvm 1    | 2015/06/06 01:06:02 | 内存情况 已用内存/可用内存/最大内存 18.54 MB/127.06 MB/508.06 MB
INFO   | jvm 1    | 2015/06/06 01:11:02 | 前端数据 已处理/错误/处理速度 2625/0/0每分钟
INFO   | jvm 1    | 2015/06/06 01:11:02 | 内存情况 已用内存/可用内存/最大内存 17.53 MB/127.06 MB/508.06 MB
INFO   | jvm 1    | 2015/06/06 01:16:02 | 前端数据 已处理/错误/处理速度 2627/0/0每分钟
INFO   | jvm 1    | 2015/06/06 01:16:02 | 内存情况 已用内存/可用内存/最大内存 23.05 MB/127.06 MB/508.06 MB
INFO   | jvm 1    | 2015/06/06 01:21:02 | 前端数据 已处理/错误/处理速度 2631/0/0每分钟
INFO   | jvm 1    | 2015/06/06 01:21:02 | 内存情况 已用内存/可用内存/最大内存 22.09 MB/127.06 MB/508.06 MB
INFO   | jvm 1    | 2015/06/06 01:26:02 | 前端数据 已处理/错误/处理速度 2636/0/1每分钟
INFO   | jvm 1    | 2015/06/06 01:26:02 | 内存情况 已用内存/可用内存/最大内存 22.06 MB/127.06 MB/508.06 MB
INFO   | jvm 1    | 2015/06/06 01:31:02 | 前端数据 已处理/错误/处理速度 2638/0/0每分钟
INFO   | jvm 1    | 2015/06/06 01:31:02 | 内存情况 已用内存/可用内存/最大内存 19.59 MB/127.06 MB/508.06 MB
INFO   | jvm 1    | 2015/06/06 01:36:02 | 前端数据 已处理/错误/处理速度 2641/0/0每分钟
INFO   | jvm 1    | 2015/06/06 01:36:02 | 内存情况 已用内存/可用内存/最大内存 18.06 MB/127.06 MB/508.06 MB
INFO   | jvm 1    | 2015/06/06 01:41:02 | 前端数据 已处理/错误/处理速度 2649/0/1每分钟
INFO   | jvm 1    | 2015/06/06 01:41:02 | 内存情况 已用内存/可用内存/最大内存 20.26 MB/127.06 MB/508.06 MB
INFO   | jvm 1    | 2015/06/06 01:46:02 | 前端数据 已处理/错误/处理速度 2660/0/2每分钟
INFO   | jvm 1    | 2015/06/06 01:46:02 | 内存情况 已用内存/可用内存/最大内存 24.67 MB/127.06 MB/508.06 MB
INFO   | jvm 1    | 2015/06/06 01:51:02 | 前端数据 已处理/错误/处理速度 2665/0/1每分钟
INFO   | jvm 1    | 2015/06/06 01:51:02 | 内存情况 已用内存/可用内存/最大内存 24.63 MB/127.06 MB/508.06 MB
INFO   | jvm 1    | 2015/06/06 01:56:02 | 前端数据 已处理/错误/处理速度 2679/0/2每分钟
INFO   | jvm 1    | 2015/06/06 01:56:02 | 内存情况 已用内存/可用内存/最大内存 23.61 MB/127.06 MB/508.06 MB
INFO   | jvm 1    | 2015/06/06 02:01:02 | 前端数据 已处理/错误/处理速度 2686/0/1每分钟
INFO   | jvm 1    | 2015/06/06 02:01:02 | 内存情况 已用内存/可用内存/最大内存 17.11 MB/127.06 MB/508.06 MB
INFO   | jvm 1    | 2015/06/06 02:06:02 | 前端数据 已处理/错误/处理速度 2699/0/2每分钟
INFO   | jvm 1    | 2015/06/06 02:06:02 | 内存情况 已用内存/可用内存/最大内存 23.23 MB/127.06 MB/508.06 MB
INFO   | jvm 1    | 2015/06/06 02:11:02 | 前端数据 已处理/错误/处理速度 2718/0/3每分钟
INFO   | jvm 1    | 2015/06/06 02:11:02 | 内存情况 已用内存/可用内存/最大内存 18.14 MB/127.06 MB/508.06 MB
INFO   | jvm 1    | 2015/06/06 02:16:02 | 前端数据 已处理/错误/处理速度 2738/0/4每分钟
INFO   | jvm 1    | 2015/06/06 02:16:02 | 内存情况 已用内存/可用内存/最大内存 21.69 MB/127.06 MB/508.06 MB
INFO   | jvm 1    | 2015/06/06 02:21:02 | 前端数据 已处理/错误/处理速度 2748/0/2每分钟
INFO   | jvm 1    | 2015/06/06 02:21:02 | 内存情况 已用内存/可用内存/最大内存 17.48 MB/127.06 MB/508.06 MB
INFO   | jvm 1    | 2015/06/06 02:26:02 | 前端数据 已处理/错误/处理速度 2765/0/3每分钟
INFO   | jvm 1    | 2015/06/06 02:26:02 | 内存情况 已用内存/可用内存/最大内存 18.73 MB/127.06 MB/508.06 MB
INFO   | jvm 1    | 2015/06/06 02:31:02 | 前端数据 已处理/错误/处理速度 2785/0/4每分钟
INFO   | jvm 1    | 2015/06/06 02:31:02 | 内存情况 已用内存/可用内存/最大内存 22.19 MB/127.06 MB/508.06 MB
INFO   | jvm 1    | 2015/06/06 02:36:02 | 前端数据 已处理/错误/处理速度 2802/0/3每分钟
INFO   | jvm 1    | 2015/06/06 02:36:02 | 内存情况 已用内存/可用内存/最大内存 23.50 MB/127.06 MB/508.06 MB
INFO   | jvm 1    | 2015/06/06 02:41:02 | 前端数据 已处理/错误/处理速度 2818/0/3每分钟
INFO   | jvm 1    | 2015/06/06 02:41:02 | 内存情况 已用内存/可用内存/最大内存 23.96 MB/127.06 MB/508.06 MB
INFO   | jvm 1    | 2015/06/06 02:46:02 | 前端数据 已处理/错误/处理速度 2832/0/2每分钟
INFO   | jvm 1    | 2015/06/06 02:46:02 | 内存情况 已用内存/可用内存/最大内存 22.85 MB/127.06 MB/508.06 MB
INFO   | jvm 1    | 2015/06/06 02:51:02 | 前端数据 已处理/错误/处理速度 2839/0/1每分钟
INFO   | jvm 1    | 2015/06/06 02:51:02 | 内存情况 已用内存/可用内存/最大内存 24.26 MB/127.06 MB/508.06 MB
INFO   | jvm 1    | 2015/06/06 02:56:02 | 前端数据 已处理/错误/处理速度 2849/0/2每分钟
INFO   | jvm 1    | 2015/06/06 02:56:02 | 内存情况 已用内存/可用内存/最大内存 20.13 MB/127.06 MB/508.06 MB
INFO   | jvm 1    | 2015/06/06 03:01:02 | 前端数据 已处理/错误/处理速度 2856/0/1每分钟
INFO   | jvm 1    | 2015/06/06 03:01:02 | 内存情况 已用内存/可用内存/最大内存 21.45 MB/127.06 MB/508.06 MB
INFO   | jvm 1    | 2015/06/06 03:06:02 | 前端数据 已处理/错误/处理速度 2871/0/3每分钟
INFO   | jvm 1    | 2015/06/06 03:06:02 | 内存情况 已用内存/可用内存/最大内存 21.19 MB/127.06 MB/508.06 MB
INFO   | jvm 1    | 2015/06/06 03:11:02 | 前端数据 已处理/错误/处理速度 2880/0/1每分钟
INFO   | jvm 1    | 2015/06/06 03:11:02 | 内存情况 已用内存/可用内存/最大内存 24.15 MB/127.06 MB/508.06 MB
INFO   | jvm 1    | 2015/06/06 03:16:02 | 前端数据 已处理/错误/处理速度 2890/0/2每分钟
INFO   | jvm 1    | 2015/06/06 03:16:02 | 内存情况 已用内存/可用内存/最大内存 20.09 MB/127.06 MB/508.06 MB
INFO   | jvm 1    | 2015/06/06 03:21:02 | 前端数据 已处理/错误/处理速度 2898/0/1每分钟
INFO   | jvm 1    | 2015/06/06 03:21:02 | 内存情况 已用内存/可用内存/最大内存 22.23 MB/127.06 MB/508.06 MB
INFO   | jvm 1    | 2015/06/06 03:26:02 | 前端数据 已处理/错误/处理速度 2901/0/0每分钟
INFO   | jvm 1    | 2015/06/06 03:26:02 | 内存情况 已用内存/可用内存/最大内存 20.46 MB/127.06 MB/508.06 MB
INFO   | jvm 1    | 2015/06/06 03:31:02 | 前端数据 已处理/错误/处理速度 2906/0/1每分钟
INFO   | jvm 1    | 2015/06/06 03:31:02 | 内存情况 已用内存/可用内存/最大内存 20.41 MB/127.06 MB/508.06 MB
INFO   | jvm 1    | 2015/06/06 03:36:02 | 前端数据 已处理/错误/处理速度 2911/0/1每分钟
INFO   | jvm 1    | 2015/06/06 03:36:02 | 内存情况 已用内存/可用内存/最大内存 20.28 MB/127.06 MB/508.06 MB
INFO   | jvm 1    | 2015/06/06 03:41:02 | 前端数据 已处理/错误/处理速度 2915/0/0每分钟
INFO   | jvm 1    | 2015/06/06 03:41:02 | 内存情况 已用内存/可用内存/最大内存 19.32 MB/127.06 MB/508.06 MB
INFO   | jvm 1    | 2015/06/06 03:46:02 | 前端数据 已处理/错误/处理速度 2926/0/2每分钟
INFO   | jvm 1    | 2015/06/06 03:46:02 | 内存情况 已用内存/可用内存/最大内存 23.91 MB/127.06 MB/508.06 MB
INFO   | jvm 1    | 2015/06/06 03:51:02 | 前端数据 已处理/错误/处理速度 2937/0/2每分钟
INFO   | jvm 1    | 2015/06/06 03:51:02 | 内存情况 已用内存/可用内存/最大内存 20.54 MB/127.06 MB/508.06 MB
INFO   | jvm 1    | 2015/06/06 03:56:02 | 前端数据 已处理/错误/处理速度 2945/0/1每分钟
INFO   | jvm 1    | 2015/06/06 03:56:02 | 内存情况 已用内存/可用内存/最大内存 22.68 MB/127.06 MB/508.06 MB
INFO   | jvm 1    | 2015/06/06 04:01:02 | 前端数据 已处理/错误/处理速度 2953/0/1每分钟
INFO   | jvm 1    | 2015/06/06 04:01:02 | 内存情况 已用内存/可用内存/最大内存 24.84 MB/127.06 MB/508.06 MB
INFO   | jvm 1    | 2015/06/06 04:06:02 | 前端数据 已处理/错误/处理速度 2957/0/0每分钟
INFO   | jvm 1    | 2015/06/06 04:06:02 | 内存情况 已用内存/可用内存/最大内存 24.06 MB/127.06 MB/508.06 MB
INFO   | jvm 1    | 2015/06/06 04:11:02 | 前端数据 已处理/错误/处理速度 2966/0/1每分钟
INFO   | jvm 1    | 2015/06/06 04:11:02 | 内存情况 已用内存/可用内存/最大内存 19.11 MB/127.06 MB/508.06 MB
INFO   | jvm 1    | 2015/06/06 04:16:02 | 前端数据 已处理/错误/处理速度 2979/0/2每分钟
INFO   | jvm 1    | 2015/06/06 04:16:02 | 内存情况 已用内存/可用内存/最大内存 17.29 MB/127.06 MB/508.06 MB
INFO   | jvm 1    | 2015/06/06 04:21:02 | 前端数据 已处理/错误/处理速度 2981/0/0每分钟
INFO   | jvm 1    | 2015/06/06 04:21:02 | 内存情况 已用内存/可用内存/最大内存 22.70 MB/127.06 MB/508.06 MB
INFO   | jvm 1    | 2015/06/06 04:26:02 | 前端数据 已处理/错误/处理速度 2991/0/2每分钟
INFO   | jvm 1    | 2015/06/06 04:26:02 | 内存情况 已用内存/可用内存/最大内存 18.59 MB/127.06 MB/508.06 MB
INFO   | jvm 1    | 2015/06/06 04:31:02 | 前端数据 已处理/错误/处理速度 3002/0/2每分钟
INFO   | jvm 1    | 2015/06/06 04:31:02 | 内存情况 已用内存/可用内存/最大内存 23.12 MB/127.06 MB/508.06 MB
INFO   | jvm 1    | 2015/06/06 04:36:02 | 前端数据 已处理/错误/处理速度 3011/0/1每分钟
INFO   | jvm 1    | 2015/06/06 04:36:02 | 内存情况 已用内存/可用内存/最大内存 18.23 MB/127.06 MB/508.06 MB
INFO   | jvm 1    | 2015/06/06 04:41:02 | 前端数据 已处理/错误/处理速度 3018/0/1每分钟
INFO   | jvm 1    | 2015/06/06 04:41:02 | 内存情况 已用内存/可用内存/最大内存 19.55 MB/127.06 MB/508.06 MB
INFO   | jvm 1    | 2015/06/06 04:46:02 | 前端数据 已处理/错误/处理速度 3025/0/1每分钟
INFO   | jvm 1    | 2015/06/06 04:46:02 | 内存情况 已用内存/可用内存/最大内存 20.98 MB/127.06 MB/508.06 MB
INFO   | jvm 1    | 2015/06/06 04:51:02 | 前端数据 已处理/错误/处理速度 3033/0/1每分钟
INFO   | jvm 1    | 2015/06/06 04:51:02 | 内存情况 已用内存/可用内存/最大内存 23.16 MB/127.06 MB/508.06 MB
INFO   | jvm 1    | 2015/06/06 04:56:02 | 前端数据 已处理/错误/处理速度 3035/0/0每分钟
INFO   | jvm 1    | 2015/06/06 04:56:02 | 内存情况 已用内存/可用内存/最大内存 20.74 MB/127.06 MB/508.06 MB
INFO   | jvm 1    | 2015/06/06 05:01:02 | 前端数据 已处理/错误/处理速度 3041/0/1每分钟
INFO   | jvm 1    | 2015/06/06 05:01:02 | 内存情况 已用内存/可用内存/最大内存 21.32 MB/127.06 MB/508.06 MB
INFO   | jvm 1    | 2015/06/06 05:06:02 | 前端数据 已处理/错误/处理速度 3045/0/0每分钟
INFO   | jvm 1    | 2015/06/06 05:06:02 | 内存情况 已用内存/可用内存/最大内存 20.41 MB/127.06 MB/508.06 MB
INFO   | jvm 1    | 2015/06/06 05:11:02 | 前端数据 已处理/错误/处理速度 3055/0/2每分钟
INFO   | jvm 1    | 2015/06/06 05:11:02 | 内存情况 已用内存/可用内存/最大内存 24.18 MB/127.06 MB/508.06 MB
INFO   | jvm 1    | 2015/06/06 05:16:02 | 前端数据 已处理/错误/处理速度 3056/0/0每分钟
INFO   | jvm 1    | 2015/06/06 05:16:02 | 内存情况 已用内存/可用内存/最大内存 20.93 MB/127.06 MB/508.06 MB
INFO   | jvm 1    | 2015/06/06 05:21:02 | 前端数据 已处理/错误/处理速度 3061/0/1每分钟
INFO   | jvm 1    | 2015/06/06 05:21:02 | 内存情况 已用内存/可用内存/最大内存 20.76 MB/127.06 MB/508.06 MB
INFO   | jvm 1    | 2015/06/06 05:26:02 | 前端数据 已处理/错误/处理速度 3068/0/1每分钟
INFO   | jvm 1    | 2015/06/06 05:26:02 | 内存情况 已用内存/可用内存/最大内存 22.20 MB/127.06 MB/508.06 MB
INFO   | jvm 1    | 2015/06/06 05:31:02 | 前端数据 已处理/错误/处理速度 3075/0/1每分钟
INFO   | jvm 1    | 2015/06/06 05:31:02 | 内存情况 已用内存/可用内存/最大内存 23.69 MB/127.06 MB/508.06 MB
INFO   | jvm 1    | 2015/06/06 05:36:02 | 前端数据 已处理/错误/处理速度 3089/0/2每分钟
INFO   | jvm 1    | 2015/06/06 05:36:02 | 内存情况 已用内存/可用内存/最大内存 22.61 MB/127.06 MB/508.06 MB
INFO   | jvm 1    | 2015/06/06 05:41:02 | 前端数据 已处理/错误/处理速度 3096/0/1每分钟
INFO   | jvm 1    | 2015/06/06 05:41:02 | 内存情况 已用内存/可用内存/最大内存 24.04 MB/127.06 MB/508.06 MB
INFO   | jvm 1    | 2015/06/06 05:46:02 | 前端数据 已处理/错误/处理速度 3105/0/1每分钟
INFO   | jvm 1    | 2015/06/06 05:46:02 | 内存情况 已用内存/可用内存/最大内存 19.12 MB/127.06 MB/508.06 MB
INFO   | jvm 1    | 2015/06/06 05:51:02 | 前端数据 已处理/错误/处理速度 3118/0/2每分钟
INFO   | jvm 1    | 2015/06/06 05:51:02 | 内存情况 已用内存/可用内存/最大内存 17.21 MB/127.06 MB/508.06 MB
INFO   | jvm 1    | 2015/06/06 05:56:02 | 前端数据 已处理/错误/处理速度 3124/0/1每分钟
INFO   | jvm 1    | 2015/06/06 05:56:02 | 内存情况 已用内存/可用内存/最大内存 18.01 MB/127.06 MB/508.06 MB
INFO   | jvm 1    | 2015/06/06 06:01:02 | 前端数据 已处理/错误/处理速度 3137/0/2每分钟
INFO   | jvm 1    | 2015/06/06 06:01:02 | 内存情况 已用内存/可用内存/最大内存 23.94 MB/127.06 MB/508.06 MB
INFO   | jvm 1    | 2015/06/06 06:06:02 | 前端数据 已处理/错误/处理速度 3145/0/1每分钟
INFO   | jvm 1    | 2015/06/06 06:06:02 | 内存情况 已用内存/可用内存/最大内存 18.29 MB/127.06 MB/508.06 MB
INFO   | jvm 1    | 2015/06/06 06:11:02 | 前端数据 已处理/错误/处理速度 3153/0/1每分钟
INFO   | jvm 1    | 2015/06/06 06:11:02 | 内存情况 已用内存/可用内存/最大内存 20.52 MB/127.06 MB/508.06 MB
INFO   | jvm 1    | 2015/06/06 06:16:02 | 前端数据 已处理/错误/处理速度 3162/0/1每分钟
INFO   | jvm 1    | 2015/06/06 06:16:02 | 内存情况 已用内存/可用内存/最大内存 23.46 MB/127.06 MB/508.06 MB
INFO   | jvm 1    | 2015/06/06 06:21:02 | 前端数据 已处理/错误/处理速度 3168/0/1每分钟
INFO   | jvm 1    | 2015/06/06 06:21:02 | 内存情况 已用内存/可用内存/最大内存 24.12 MB/127.06 MB/508.06 MB
INFO   | jvm 1    | 2015/06/06 06:26:02 | 前端数据 已处理/错误/处理速度 3177/0/1每分钟
INFO   | jvm 1    | 2015/06/06 06:26:02 | 内存情况 已用内存/可用内存/最大内存 19.19 MB/127.06 MB/508.06 MB
INFO   | jvm 1    | 2015/06/06 06:31:02 | 前端数据 已处理/错误/处理速度 3180/0/0每分钟
INFO   | jvm 1    | 2015/06/06 06:31:02 | 内存情况 已用内存/可用内存/最大内存 17.46 MB/127.06 MB/508.06 MB
INFO   | jvm 1    | 2015/06/06 06:36:02 | 前端数据 已处理/错误/处理速度 3192/0/2每分钟
INFO   | jvm 1    | 2015/06/06 06:36:02 | 内存情况 已用内存/可用内存/最大内存 22.84 MB/127.06 MB/508.06 MB
INFO   | jvm 1    | 2015/06/06 06:41:02 | 前端数据 已处理/错误/处理速度 3204/0/2每分钟
INFO   | jvm 1    | 2015/06/06 06:41:02 | 内存情况 已用内存/可用内存/最大内存 20.22 MB/127.06 MB/508.06 MB
INFO   | jvm 1    | 2015/06/06 06:46:02 | 前端数据 已处理/错误/处理速度 3212/0/1每分钟
INFO   | jvm 1    | 2015/06/06 06:46:02 | 内存情况 已用内存/可用内存/最大内存 22.51 MB/127.06 MB/508.06 MB
INFO   | jvm 1    | 2015/06/06 06:51:02 | 前端数据 已处理/错误/处理速度 3228/0/3每分钟
INFO   | jvm 1    | 2015/06/06 06:51:02 | 内存情况 已用内存/可用内存/最大内存 22.95 MB/127.06 MB/508.06 MB
INFO   | jvm 1    | 2015/06/06 06:56:02 | 前端数据 已处理/错误/处理速度 3237/0/1每分钟
INFO   | jvm 1    | 2015/06/06 06:56:02 | 内存情况 已用内存/可用内存/最大内存 18.02 MB/127.06 MB/508.06 MB
INFO   | jvm 1    | 2015/06/06 07:01:02 | 前端数据 已处理/错误/处理速度 3252/0/3每分钟
INFO   | jvm 1    | 2015/06/06 07:01:02 | 内存情况 已用内存/可用内存/最大内存 17.72 MB/127.06 MB/508.06 MB
INFO   | jvm 1    | 2015/06/06 07:06:02 | 前端数据 已处理/错误/处理速度 3265/0/2每分钟
INFO   | jvm 1    | 2015/06/06 07:06:02 | 内存情况 已用内存/可用内存/最大内存 23.77 MB/127.06 MB/508.06 MB
INFO   | jvm 1    | 2015/06/06 07:11:02 | 前端数据 已处理/错误/处理速度 3282/0/3每分钟
INFO   | jvm 1    | 2015/06/06 07:11:02 | 内存情况 已用内存/可用内存/最大内存 17.19 MB/127.06 MB/508.06 MB
INFO   | jvm 1    | 2015/06/06 07:16:02 | 前端数据 已处理/错误/处理速度 3291/0/1每分钟
INFO   | jvm 1    | 2015/06/06 07:16:02 | 内存情况 已用内存/可用内存/最大内存 20.02 MB/127.06 MB/508.06 MB
INFO   | jvm 1    | 2015/06/06 07:21:02 | 前端数据 已处理/错误/处理速度 3297/0/1每分钟
INFO   | jvm 1    | 2015/06/06 07:21:02 | 内存情况 已用内存/可用内存/最大内存 20.66 MB/127.06 MB/508.06 MB
INFO   | jvm 1    | 2015/06/06 07:26:02 | 前端数据 已处理/错误/处理速度 3321/0/4每分钟
INFO   | jvm 1    | 2015/06/06 07:26:02 | 内存情况 已用内存/可用内存/最大内存 19.47 MB/127.06 MB/508.06 MB
INFO   | jvm 1    | 2015/06/06 07:31:02 | 前端数据 已处理/错误/处理速度 3333/0/2每分钟
INFO   | jvm 1    | 2015/06/06 07:31:02 | 内存情况 已用内存/可用内存/最大内存 24.72 MB/127.06 MB/508.06 MB
INFO   | jvm 1    | 2015/06/06 07:36:02 | 前端数据 已处理/错误/处理速度 3344/0/2每分钟
INFO   | jvm 1    | 2015/06/06 07:36:02 | 内存情况 已用内存/可用内存/最大内存 21.30 MB/127.06 MB/508.06 MB
INFO   | jvm 1    | 2015/06/06 07:41:03 | 前端数据 已处理/错误/处理速度 3360/0/3每分钟
INFO   | jvm 1    | 2015/06/06 07:41:03 | 内存情况 已用内存/可用内存/最大内存 21.82 MB/127.06 MB/508.06 MB
INFO   | jvm 1    | 2015/06/06 07:46:02 | 前端数据 已处理/错误/处理速度 3383/0/4每分钟
INFO   | jvm 1    | 2015/06/06 07:46:02 | 内存情况 已用内存/可用内存/最大内存 19.65 MB/127.06 MB/508.06 MB
INFO   | jvm 1    | 2015/06/06 07:51:02 | 前端数据 已处理/错误/处理速度 3393/0/2每分钟
INFO   | jvm 1    | 2015/06/06 07:51:02 | 内存情况 已用内存/可用内存/最大内存 23.48 MB/127.06 MB/508.06 MB
INFO   | jvm 1    | 2015/06/06 07:56:02 | 前端数据 已处理/错误/处理速度 3407/0/2每分钟
INFO   | jvm 1    | 2015/06/06 07:56:02 | 内存情况 已用内存/可用内存/最大内存 22.45 MB/127.06 MB/508.06 MB
INFO   | jvm 1    | 2015/06/06 08:01:03 | 前端数据 已处理/错误/处理速度 3432/0/5每分钟
INFO   | jvm 1    | 2015/06/06 08:01:03 | 内存情况 已用内存/可用内存/最大内存 21.94 MB/127.06 MB/508.06 MB
INFO   | jvm 1    | 2015/06/06 08:06:03 | 前端数据 已处理/错误/处理速度 3452/0/4每分钟
INFO   | jvm 1    | 2015/06/06 08:06:03 | 内存情况 已用内存/可用内存/最大内存 17.64 MB/127.06 MB/508.06 MB
INFO   | jvm 1    | 2015/06/06 08:11:02 | 前端数据 已处理/错误/处理速度 3469/0/3每分钟
INFO   | jvm 1    | 2015/06/06 08:11:02 | 内存情况 已用内存/可用内存/最大内存 18.92 MB/127.06 MB/508.06 MB
INFO   | jvm 1    | 2015/06/06 08:16:02 | 前端数据 已处理/错误/处理速度 3488/0/3每分钟
INFO   | jvm 1    | 2015/06/06 08:16:02 | 内存情况 已用内存/可用内存/最大内存 21.70 MB/127.06 MB/508.06 MB
INFO   | jvm 1    | 2015/06/06 08:21:03 | 前端数据 已处理/错误/处理速度 3513/0/5每分钟
INFO   | jvm 1    | 2015/06/06 08:21:03 | 内存情况 已用内存/可用内存/最大内存 21.28 MB/127.06 MB/508.06 MB
INFO   | jvm 1    | 2015/06/06 08:26:03 | 前端数据 已处理/错误/处理速度 3533/0/4每分钟
INFO   | jvm 1    | 2015/06/06 08:26:03 | 内存情况 已用内存/可用内存/最大内存 24.79 MB/127.06 MB/508.06 MB
INFO   | jvm 1    | 2015/06/06 08:31:02 | 前端数据 已处理/错误/处理速度 3555/0/4每分钟
INFO   | jvm 1    | 2015/06/06 08:31:02 | 内存情况 已用内存/可用内存/最大内存 22.04 MB/127.06 MB/508.06 MB
INFO   | jvm 1    | 2015/06/06 08:36:02 | 前端数据 已处理/错误/处理速度 3570/0/3每分钟
INFO   | jvm 1    | 2015/06/06 08:36:02 | 内存情况 已用内存/可用内存/最大内存 21.80 MB/127.06 MB/508.06 MB
INFO   | jvm 1    | 2015/06/06 08:41:03 | 前端数据 已处理/错误/处理速度 3602/0/6每分钟
INFO   | jvm 1    | 2015/06/06 08:41:03 | 内存情况 已用内存/可用内存/最大内存 18.81 MB/127.06 MB/508.06 MB
INFO   | jvm 1    | 2015/06/06 08:46:03 | 前端数据 已处理/错误/处理速度 3616/0/2每分钟
INFO   | jvm 1    | 2015/06/06 08:46:03 | 内存情况 已用内存/可用内存/最大内存 17.71 MB/127.06 MB/508.06 MB
INFO   | jvm 1    | 2015/06/06 08:51:02 | 前端数据 已处理/错误/处理速度 3636/0/4每分钟
INFO   | jvm 1    | 2015/06/06 08:51:02 | 内存情况 已用内存/可用内存/最大内存 21.37 MB/127.06 MB/508.06 MB
INFO   | jvm 1    | 2015/06/06 08:56:03 | 前端数据 已处理/错误/处理速度 3663/0/5每分钟
INFO   | jvm 1    | 2015/06/06 08:56:03 | 内存情况 已用内存/可用内存/最大内存 22.34 MB/127.06 MB/508.06 MB
INFO   | jvm 1    | 2015/06/06 09:01:03 | 前端数据 已处理/错误/处理速度 3688/0/5每分钟
INFO   | jvm 1    | 2015/06/06 09:01:03 | 内存情况 已用内存/可用内存/最大内存 21.92 MB/127.06 MB/508.06 MB
INFO   | jvm 1    | 2015/06/06 09:06:03 | 前端数据 已处理/错误/处理速度 3727/0/7每分钟
INFO   | jvm 1    | 2015/06/06 09:06:03 | 内存情况 已用内存/可用内存/最大内存 24.25 MB/127.06 MB/508.06 MB
INFO   | jvm 1    | 2015/06/06 09:11:02 | 前端数据 已处理/错误/处理速度 3753/0/5每分钟
INFO   | jvm 1    | 2015/06/06 09:11:02 | 内存情况 已用内存/可用内存/最大内存 24.51 MB/127.06 MB/508.06 MB
INFO   | jvm 1    | 2015/06/06 09:16:03 | 前端数据 已处理/错误/处理速度 3779/0/5每分钟
INFO   | jvm 1    | 2015/06/06 09:16:03 | 内存情况 已用内存/可用内存/最大内存 24.67 MB/127.06 MB/508.06 MB
INFO   | jvm 1    | 2015/06/06 09:21:03 | 前端数据 已处理/错误/处理速度 3812/0/6每分钟
INFO   | jvm 1    | 2015/06/06 09:21:03 | 内存情况 已用内存/可用内存/最大内存 22.39 MB/127.06 MB/508.06 MB
INFO   | jvm 1    | 2015/06/06 09:26:03 | 前端数据 已处理/错误/处理速度 3832/0/4每分钟
INFO   | jvm 1    | 2015/06/06 09:26:03 | 内存情况 已用内存/可用内存/最大内存 18.31 MB/127.06 MB/508.06 MB
INFO   | jvm 1    | 2015/06/06 09:31:03 | 前端数据 已处理/错误/处理速度 3868/0/7每分钟
INFO   | jvm 1    | 2015/06/06 09:31:03 | 内存情况 已用内存/可用内存/最大内存 18.41 MB/127.06 MB/508.06 MB
INFO   | jvm 1    | 2015/06/06 09:36:03 | 前端数据 已处理/错误/处理速度 3911/0/8每分钟
INFO   | jvm 1    | 2015/06/06 09:36:03 | 内存情况 已用内存/可用内存/最大内存 24.07 MB/127.06 MB/508.06 MB
INFO   | jvm 1    | 2015/06/06 09:41:03 | 前端数据 已处理/错误/处理速度 3961/0/10每分钟
INFO   | jvm 1    | 2015/06/06 09:41:03 | 内存情况 已用内存/可用内存/最大内存 19.13 MB/127.06 MB/508.06 MB
INFO   | jvm 1    | 2015/06/06 09:46:03 | 前端数据 已处理/错误/处理速度 3976/0/3每分钟
INFO   | jvm 1    | 2015/06/06 09:46:03 | 内存情况 已用内存/可用内存/最大内存 18.94 MB/127.06 MB/508.06 MB
INFO   | jvm 1    | 2015/06/06 09:51:03 | 前端数据 已处理/错误/处理速度 4000/0/4每分钟
INFO   | jvm 1    | 2015/06/06 09:51:03 | 内存情况 已用内存/可用内存/最大内存 17.66 MB/127.06 MB/508.06 MB
INFO   | jvm 1    | 2015/06/06 09:56